0 info it worked if it ends with ok
1 verbose cli [ '/usr/local/Cellar/node/7.4.0/bin/node',
1 verbose cli   '/usr/local/bin/npm',
1 verbose cli   'run',
1 verbose cli   'package:osx' ]
2 info using npm@4.0.5
3 info using node@v7.4.0
4 verbose run-script [ 'prepackage:osx', 'package:osx', 'postpackage:osx' ]
5 info lifecycle timings@0.7.0~prepackage:osx: timings@0.7.0
6 silly lifecycle timings@0.7.0~prepackage:osx: no script for prepackage:osx, continuing
7 info lifecycle timings@0.7.0~package:osx: timings@0.7.0
8 verbose lifecycle timings@0.7.0~package:osx: unsafe-perm in lifecycle true
9 verbose lifecycle timings@0.7.0~package:osx: PATH: /usr/local/lib/node_modules/npm/bin/node-gyp-bin:/Users/korabh/git/timings-app/node_modules/.bin:.git/safe/../../bin:/Users/korabh/.rbenv/shims:/Users/korabh/.bin:/usr/local/sbin:/usr/local/bin:/usr/bin:/bin:/usr/sbin:/sbin:/usr/local/MacGPG2/bin
10 verbose lifecycle timings@0.7.0~package:osx: CWD: /Users/korabh/git/timings-app
11 silly lifecycle timings@0.7.0~package:osx: Args: [ '-c',
11 silly lifecycle   'hdiutil create -format UDZO -srcfolder dist/Temps-darwin-x64/Temps.app dist/Temps_Mac.dmg' ]
12 silly lifecycle timings@0.7.0~package:osx: Returned: code: 1  signal: null
13 info lifecycle timings@0.7.0~package:osx: Failed to exec package:osx script
14 verbose stack Error: timings@0.7.0 package:osx: `hdiutil create -format UDZO -srcfolder dist/Temps-darwin-x64/Temps.app dist/Temps_Mac.dmg`
14 verbose stack Exit status 1
14 verbose stack     at EventEmitter.<anonymous> (/usr/local/lib/node_modules/npm/lib/utils/lifecycle.js:279:16)
14 verbose stack     at emitTwo (events.js:106:13)
14 verbose stack     at EventEmitter.emit (events.js:191:7)
14 verbose stack     at ChildProcess.<anonymous> (/usr/local/lib/node_modules/npm/lib/utils/spawn.js:40:14)
14 verbose stack     at emitTwo (events.js:106:13)
14 verbose stack     at ChildProcess.emit (events.js:191:7)
14 verbose stack     at maybeClose (internal/child_process.js:885:16)
14 verbose stack     at Process.ChildProcess._handle.onexit (internal/child_process.js:226:5)
15 verbose pkgid timings@0.7.0
16 verbose cwd /Users/korabh/git/timings-app
17 error Darwin 16.4.0
18 error argv "/usr/local/Cellar/node/7.4.0/bin/node" "/usr/local/bin/npm" "run" "package:osx"
19 error node v7.4.0
20 error npm  v4.0.5
21 error code ELIFECYCLE
22 error timings@0.7.0 package:osx: `hdiutil create -format UDZO -srcfolder dist/Temps-darwin-x64/Temps.app dist/Temps_Mac.dmg`
22 error Exit status 1
23 error Failed at the timings@0.7.0 package:osx script 'hdiutil create -format UDZO -srcfolder dist/Temps-darwin-x64/Temps.app dist/Temps_Mac.dmg'.
23 error Make sure you have the latest version of node.js and npm installed.
23 error If you do, this is most likely a problem with the timings package,
23 error not with npm itself.
23 error Tell the author that this fails on your system:
23 error     hdiutil create -format UDZO -srcfolder dist/Temps-darwin-x64/Temps.app dist/Temps_Mac.dmg
23 error You can get information on how to open an issue for this project with:
23 error     npm bugs timings
23 error Or if that isn't available, you can get their info via:
23 error     npm owner ls timings
23 error There is likely additional logging output above.
24 verbose exit [ 1, true ]
